# JRE version: Java(TM) SE Runtime Environment (8.0_101-b13) (build 1.8.0_101-b13)
# Java VM: Java HotSpot(TM) 64-Bit Server VM (25.101-b13 mixed mode bsd-amd64 compressed oops)
Heap:
 PSYoungGen      total 31744K, used 1418K [0x000000076ab00000, 0x000000076cd00000, 0x00000007c0000000)
  eden space 31232K, 2% used [0x000000076ab00000,0x000000076abea3d0,0x000000076c980000)
  from space 512K, 94% used [0x000000076cc00000,0x000000076cc78588,0x000000076cc80000)
  to   space 512K, 0% used [0x000000076cc80000,0x000000076cc80000,0x000000076cd00000)
 ParOldGen       total 175104K, used 15288K [0x00000006c0000000, 0x00000006cab00000, 0x000000076ab00000)
  object space 175104K, 8% used [0x00000006c0000000,0x00000006c0eee0d8,0x00000006cab00000)
 Metaspace       used 8208K, capacity 8480K, committed 8832K, reserved 1056768K
  class space    used 952K, capacity 1032K, committed 1152K, reserved 1048576K
GC Heap History (10 events):
Event: 52.685 GC heap before
{Heap before GC invocations=263 (full 0):
 PSYoungGen      total 31744K, used 31424K [0x000000076ab00000, 0x000000076cd00000, 0x00000007c0000000)
  eden space 31232K, 100% used [0x000000076ab00000,0x000000076c980000,0x000000076c980000)
  from space 512K, 37% used [0x000000076cc80000,0x000000076ccb0000,0x000000076cd00000)
  to   space 512K, 0% used [0x000000076cc00000,0x000000076cc00000,0x000000076cc80000)
 ParOldGen       total 175104K, used 14736K [0x00000006c0000000, 0x00000006cab00000, 0x000000076ab00000)
  object space 175104K, 8% used [0x00000006c0000000,0x00000006c0e64208,0x00000006cab00000)
 Metaspace       used 8044K, capacity 8342K, committed 8576K, reserved 1056768K
  class space    used 935K, capacity 1029K, committed 1152K, reserved 1048576K
Event: 52.686 GC heap after
Heap after GC invocations=263 (full 0):
 PSYoungGen      total 31744K, used 192K [0x000000076ab00000, 0x000000076cd00000, 0x00000007c0000000)
  eden space 31232K, 0% used [0x000000076ab00000,0x000000076ab00000,0x000000076c980000)
  from space 512K, 37% used [0x000000076cc00000,0x000000076cc30000,0x000000076cc80000)
  to   space 512K, 0% used [0x000000076cc80000,0x000000076cc80000,0x000000076cd00000)
 ParOldGen       total 175104K, used 14768K [0x00000006c0000000, 0x00000006cab00000, 0x000000076ab00000)
  object space 175104K, 8% used [0x00000006c0000000,0x00000006c0e6c208,0x00000006cab00000)
 Metaspace       used 8044K, capacity 8342K, committed 8576K, reserved 1056768K
  class space    used 935K, capacity 1029K, committed 1152K, reserved 1048576K
}
Event: 52.810 GC heap before
{Heap before GC invocations=264 (full 0):
 PSYoungGen      total 31744K, used 31424K [0x000000076ab00000, 0x000000076cd00000, 0x00000007c0000000)
  eden space 31232K, 100% used [0x000000076ab00000,0x000000076c980000,0x000000076c980000)
  from space 512K, 37% used [0x000000076cc00000,0x000000076cc30000,0x000000076cc80000)
  to   space 512K, 0% used [0x000000076cc80000,0x000000076cc80000,0x000000076cd00000)
 ParOldGen       total 175104K, used 14768K [0x00000006c0000000, 0x00000006cab00000, 0x000000076ab00000)
  object space 175104K, 8% used [0x00000006c0000000,0x00000006c0e6c208,0x00000006cab00000)
 Metaspace       used 8044K, capacity 8342K, committed 8576K, reserved 1056768K
  class space    used 935K, capacity 1029K, committed 1152K, reserved 1048576K
Event: 52.811 GC heap after
Heap after GC invocations=264 (full 0):
 PSYoungGen      total 31744K, used 224K [0x000000076ab00000, 0x000000076cd00000, 0x00000007c0000000)
  eden space 31232K, 0% used [0x000000076ab00000,0x000000076ab00000,0x000000076c980000)
  from space 512K, 43% used [0x000000076cc80000,0x000000076ccb8000,0x000000076cd00000)
  to   space 512K, 0% used [0x000000076cc00000,0x000000076cc00000,0x000000076cc80000)
 ParOldGen       total 175104K, used 14808K [0x00000006c0000000, 0x00000006cab00000, 0x000000076ab00000)
  object space 175104K, 8% used [0x00000006c0000000,0x00000006c0e76208,0x00000006cab00000)
 Metaspace       used 8044K, capacity 8342K, committed 8576K, reserved 1056768K
  class space    used 935K, capacity 1029K, committed 1152K, reserved 1048576K
}
Event: 52.944 GC heap before
{Heap before GC invocations=265 (full 0):
 PSYoungGen      total 31744K, used 31456K [0x000000076ab00000, 0x000000076cd00000, 0x00000007c0000000)
  eden space 31232K, 100% used [0x000000076ab00000,0x000000076c980000,0x000000076c980000)
  from space 512K, 43% used [0x000000076cc80000,0x000000076ccb8000,0x000000076cd00000)
  to   space 512K, 0% used [0x000000076cc00000,0x000000076cc00000,0x000000076cc80000)
 ParOldGen       total 175104K, used 14808K [0x00000006c0000000, 0x00000006cab00000, 0x000000076ab00000)
  object space 175104K, 8% used [0x00000006c0000000,0x00000006c0e76208,0x00000006cab00000)
 Metaspace       used 8044K, capacity 8342K, committed 8576K, reserved 1056768K
  class space    used 935K, capacity 1029K, committed 1152K, reserved 1048576K
Event: 52.945 GC heap after
Heap after GC invocations=265 (full 0):
 PSYoungGen      total 31744K, used 224K [0x000000076ab00000, 0x000000076cd00000, 0x00000007c0000000)
  eden space 31232K, 0% used [0x000000076ab00000,0x000000076ab00000,0x000000076c980000)
  from space 512K, 43% used [0x000000076cc00000,0x000000076cc38000,0x000000076cc80000)
  to   space 512K, 0% used [0x000000076cc80000,0x000000076cc80000,0x000000076cd00000)
 ParOldGen       total 175104K, used 14848K [0x00000006c0000000, 0x00000006cab00000, 0x000000076ab00000)
  object space 175104K, 8% used [0x00000006c0000000,0x00000006c0e80208,0x00000006cab00000)
 Metaspace       used 8044K, capacity 8342K, committed 8576K, reserved 1056768K
  class space    used 935K, capacity 1029K, committed 1152K, reserved 1048576K
}
Event: 53.083 GC heap before
{Heap before GC invocations=266 (full 0):
 PSYoungGen      total 31744K, used 31456K [0x000000076ab00000, 0x000000076cd00000, 0x00000007c0000000)
  eden space 31232K, 100% used [0x000000076ab00000,0x000000076c980000,0x000000076c980000)
  from space 512K, 43% used [0x000000076cc00000,0x000000076cc38000,0x000000076cc80000)
  to   space 512K, 0% used [0x000000076cc80000,0x000000076cc80000,0x000000076cd00000)
 ParOldGen       total 175104K, used 14848K [0x00000006c0000000, 0x00000006cab00000, 0x000000076ab00000)
  object space 175104K, 8% used [0x00000006c0000000,0x00000006c0e80208,0x00000006cab00000)
 Metaspace       used 8044K, capacity 8342K, committed 8576K, reserved 1056768K
  class space    used 935K, capacity 1029K, committed 1152K, reserved 1048576K
Event: 53.084 GC heap after
Heap after GC invocations=266 (full 0):
 PSYoungGen      total 31744K, used 160K [0x000000076ab00000, 0x000000076cd00000, 0x00000007c0000000)
  eden space 31232K, 0% used [0x000000076ab00000,0x000000076ab00000,0x000000076c980000)
  from space 512K, 31% used [0x000000076cc80000,0x000000076cca8000,0x000000076cd00000)
  to   space 512K, 0% used [0x000000076cc00000,0x000000076cc00000,0x000000076cc80000)
 ParOldGen       total 175104K, used 14880K [0x00000006c0000000, 0x00000006cab00000, 0x000000076ab00000)
  object space 175104K, 8% used [0x00000006c0000000,0x00000006c0e88208,0x00000006cab00000)
 Metaspace       used 8044K, capacity 8342K, committed 8576K, reserved 1056768K
  class space    used 935K, capacity 1029K, committed 1152K, reserved 1048576K
}
Event: 92.803 GC heap before
{Heap before GC invocations=267 (full 0):
 PSYoungGen      total 31744K, used 31392K [0x000000076ab00000, 0x000000076cd00000, 0x00000007c0000000)
  eden space 31232K, 100% used [0x000000076ab00000,0x000000076c980000,0x000000076c980000)
  from space 512K, 31% used [0x000000076cc80000,0x000000076cca8000,0x000000076cd00000)
  to   space 512K, 0% used [0x000000076cc00000,0x000000076cc00000,0x000000076cc80000)
 ParOldGen       total 175104K, used 14880K [0x00000006c0000000, 0x00000006cab00000, 0x000000076ab00000)
  object space 175104K, 8% used [0x00000006c0000000,0x00000006c0e88208,0x00000006cab00000)
 Metaspace       used 8192K, capacity 8480K, committed 8832K, reserved 1056768K
  class space    used 952K, capacity 1032K, committed 1152K, reserved 1048576K
Event: 92.805 GC heap after
Heap after GC invocations=267 (full 0):
 PSYoungGen      total 31744K, used 481K [0x000000076ab00000, 0x000000076cd00000, 0x00000007c0000000)
  eden space 31232K, 0% used [0x000000076ab00000,0x000000076ab00000,0x000000076c980000)
  from space 512K, 94% used [0x000000076cc00000,0x000000076cc78588,0x000000076cc80000)
  to   space 512K, 0% used [0x000000076cc80000,0x000000076cc80000,0x000000076cd00000)
 ParOldGen       total 175104K, used 15288K [0x00000006c0000000, 0x00000006cab00000, 0x000000076ab00000)
  object space 175104K, 8% used [0x00000006c0000000,0x00000006c0eee0d8,0x00000006cab00000)
 Metaspace       used 8192K, capacity 8480K, committed 8832K, reserved 1056768K
  class space    used 952K, capacity 1032K, committed 1152K, reserved 1048576K
}

